                                          
                  . .                     
                  . .                     
                . . S .                   
                . . D .                   
              . . . R . .                 
              . . . E . .                 
            . . M . H . . .               
            . E . . P . . .               
          . R . J . E . . . .             
          R . . . O H . . . .             
        Y . . . . . S . . . . .           
        . . . . . . . E . . . .           
      . . J . . . . . . P . . . .         
      . E . . . . . . . . H . . .         
    . S . . S A M T S I R H C . . .       
    U . . M . L E I R B A G . . . .       
  S . . . . A . . . . . . . . . . . .     
  . . . . . . R . . . . . . . . . . .     
. . . . . . . . Y . . . . A N G E L S .   
                  # # # #                 
                  # # # #                 
                  # # # #                 



                                          
                  P O                     
                  O H                     
                G R S J                   
                B G D L                   
              Z N Z R C F                 
              M I B E L V                 
            Z Y M D H L E S               
            T E Q I P B E A               
          Y R J J E E H Q T N             
          R R J T O H Z A J J             
        Y Z U K A F S V L X I E           
        Y E O R R G P E A O F E           
      E H J X S S N C O P W Q C Y         
      Q E E H I W I P Z L H E P J         
    F S V I S A M T S I R H C B X F       
    U I W M W L E I R B A G F R E U       
  S X C E U A G D K Y L I E I L P C C     
  X E H W D S R V O N W U D W L A F Q     
K O Y U T L R J Y K S K Q A N G E L S G   
                  # # # #                 
                  # # # #                 
                  # # # #                 




MERRY CHRISTMAS JESUS MARY JOSEPH GABRIEL ANGELS 
SHEPHERDS 
